#
# A fatal error has been detected by the Java Runtime Environment:
#
#  EXCEPTION_ACCESS_VIOLATION (0xc0000005) at pc=0x0000000002284769, pid=5236, tid=4776
#
# JRE version: Java(TM) SE Runtime Environment (7.0_71-b14) (build 1.7.0_71-b14)
# Java VM: Java HotSpot(TM) 64-Bit Server VM (24.71-b01 mixed mode windows-amd64 compressed oops)
# Problematic frame:
# V  [jvm.dll+0x54769]
#
# Failed to write core dump. Minidumps are not enabled by default on client versions of Windows
#
# If you would like to submit a bug report, please visit:
#   http://bugreport.sun.com/bugreport/crash.jsp
#

---------------  T H R E A D  ---------------

Current thread (0x000000000cf67000):  JavaThread "JDWP Transport Listener: dt_socket" daemon [_thread_in_vm, id=4776, stack(0x000000000f290000,0x000000000f390000)]

siginfo: ExceptionCode=0xc0000005, reading address 0x000000000000000c

Registers:
RAX=0x000000000000000c, RBX=0x000000000cf67000, RCX=0x0000000000000003, RDX=0x0000000000000000
RSP=0x000000000f38f470, RBP=0x000000000000000c, RSI=0x0000000000000000, RDI=0x0000000000000010
R8 =0x00000007c4e0af00, R9 =0x0000000000000000, R10=0x0000000000000000, R11=0x0000000000000001
R12=0x0000000000000000, R13=0x000000000cf5b3b8, R14=0x0000000000000000, R15=0x0000000000000000
RIP=0x0000000002284769, EFLAGS=0x0000000000010246

Top of Stack: (sp=0x000000000f38f470)
0x000000000f38f470:   000000000cf67000 0000000000000000
0x000000000f38f480:   0000000000000000 000000000cf67000
0x000000000f38f490:   0000000000000000 000000000234d597
0x000000000f38f4a0:   00000007c4e0af00 000000000f38f5c0
0x000000000f38f4b0:   000000000f6357d8 000000000f38f590
0x000000000f38f4c0:   000000000cf67000 0000000000000000
0x000000000f38f4d0:   000000000f6357d8 000000000f38f5c0
0x000000000f38f4e0:   0000000000000000 000000000cf5b3b8
0x000000000f38f4f0:   0000000000000000 0000000074627d15
0x000000000f38f500:   000000000f38f590 000000000f38f5c0
0x000000000f38f510:   000000000f6357d8 000000000cf671e8
0x000000000f38f520:   000000000f75590a 000000007462f090
0x000000000f38f530:   000000000c010a01 000000000f38f630
0x000000000f38f540:   000000000cf5af01 0000000000000000
0x000000000f38f550:   0000012100000013 000000000c010a00
0x000000000f38f560:   00000000020e3990 00000000023be2aa 

Instructions: (pc=0x0000000002284769)
0x0000000002284749:   d2 48 8b c5 eb 18 48 8b d0 48 8b c5 48 d3 e2 48
0x0000000002284759:   03 15 51 11 6a 00 eb 06 48 8b 12 48 8b c7 48 98
0x0000000002284769:   8b 14 10 85 d2 74 2a 45 84 db 4c 63 c6 48 0f 45
0x0000000002284779:   fd 8d 47 0b 48 63 c8 48 83 e1 f8 48 c1 e9 03 8d 


Register to memory mapping:

RAX=0x000000000000000c is an unknown value
RBX=0x000000000cf67000 is a thread
RCX=0x0000000000000003 is an unknown value
RDX=0x0000000000000000 is an unknown value
RSP=0x000000000f38f470 is pointing into the stack for thread: 0x000000000cf67000
RBP=0x000000000000000c is an unknown value
RSI=0x0000000000000000 is an unknown value
RDI=0x0000000000000010 is an unknown value
R8 =0x00000007c4e0af00 is an oop
java.lang.String 
 - klass: 'java/lang/String'
R9 =0x0000000000000000 is an unknown value
R10=0x0000000000000000 is an unknown value
R11=0x0000000000000001 is an unknown value
R12=0x0000000000000000 is an unknown value
R13=0x000000000cf5b3b8 is an unknown value
R14=0x0000000000000000 is an unknown value
R15=0x0000000000000000 is an unknown value


Stack: [0x000000000f290000,0x000000000f390000],  sp=0x000000000f38f470,  free space=1021k
Native frames: (J=compiled Java code, j=interpreted, Vv=VM code, C=native code)
V  [jvm.dll+0x54769]


---------------  P R O C E S S  ---------------

Java Threads: ( => current thread )
  0x000000000f3ac000 JavaThread "Service Thread" daemon [_thread_blocked, id=4332, stack(0x000000000f020000,0x000000000f120000)]
  0x000000000cf7f000 JavaThread "C2 CompilerThread1" daemon [_thread_blocked, id=4516, stack(0x000000000fa60000,0x000000000fb60000)]
  0x000000000cf7b800 JavaThread "C2 CompilerThread0" daemon [_thread_blocked, id=5740, stack(0x000000000f8b0000,0x000000000f9b0000)]
  0x000000000cf74800 JavaThread "JDWP Command Reader" daemon [_thread_in_native, id=4092, stack(0x000000000eb40000,0x000000000ec40000)]
  0x000000000cf73000 JavaThread "JDWP Event Helper Thread" daemon [_thread_blocked, id=5472, stack(0x000000000ed80000,0x000000000ee80000)]
=>0x000000000cf67000 JavaThread "JDWP Transport Listener: dt_socket" daemon [_thread_in_vm, id=4776, stack(0x000000000f290000,0x000000000f390000)]
  0x000000000cf60800 JavaThread "Attach Listener" daemon [_thread_blocked, id=3120, stack(0x000000000e760000,0x000000000e860000)]
  0x000000000cf59800 JavaThread "Signal Dispatcher" daemon [_thread_blocked, id=2948, stack(0x000000000e600000,0x000000000e700000)]
  0x000000000ceff800 JavaThread "Finalizer" daemon [_thread_blocked, id=4632, stack(0x000000000e4a0000,0x000000000e5a0000)]
  0x000000000cefe000 JavaThread "Reference Handler" daemon [_thread_blocked, id=5396, stack(0x000000000e340000,0x000000000e440000)]
  0x00000000020d8000 JavaThread "main" [_thread_blocked, id=5884, stack(0x0000000002c30000,0x0000000002d30000)]

Other Threads:
  0x000000000cefa800 VMThread [stack: 0x000000000e070000,0x000000000e170000] [id=2452]
  0x000000000f3bf000 WatcherThread [stack: 0x000000000fb80000,0x000000000fc80000] [id=4136]

VM state:not at safepoint (normal execution)

VM Mutex/Monitor currently owned by a thread: None

Heap
 PSYoungGen      total 53760K, used 6671K [0x00000007c4800000, 0x00000007c8380000, 0x0000000800000000)
  eden space 46592K, 14% used [0x00000007c4800000,0x00000007c4e83eb8,0x00000007c7580000)
  from space 7168K, 0% used [0x00000007c7c80000,0x00000007c7c80000,0x00000007c8380000)
  to   space 7168K, 0% used [0x00000007c7580000,0x00000007c7580000,0x00000007c7c80000)
 ParOldGen       total 121856K, used 0K [0x000000074d800000, 0x0000000754f00000, 0x00000007c4800000)
  object space 121856K, 0% used [0x000000074d800000,0x000000074d800000,0x0000000754f00000)
 PSPermGen       total 21504K, used 5399K [0x0000000748600000, 0x0000000749b00000, 0x000000074d800000)
  object space 21504K, 25% used [0x0000000748600000,0x0000000748b45ef8,0x0000000749b00000)

Card table byte_map: [0x0000000005d30000,0x00000000062f0000] byte_map_base: 0x00000000022ed000

Polling page: 0x0000000001f50000

Code Cache  [0x0000000002d30000, 0x0000000002fa0000, 0x0000000005d30000)
 total_blobs=399 nmethods=14 adapters=346 free_code_cache=48633Kb largest_free_block=49779264

Compilation events (10 events):
Event: 0.623 Thread 0x000000000cf7b800    9             java.io.Win32FileSystem::normalize (143 bytes)
Event: 0.627 Thread 0x000000000cf7b800 nmethod 9 0x0000000002da7310 code [0x0000000002da7480, 0x0000000002da78b0]
Event: 0.674 Thread 0x000000000cf7f000   10             sun.net.www.ParseUtil::encodePath (336 bytes)
Event: 0.693 Thread 0x000000000cf7f000 nmethod 10 0x0000000002db1b10 code [0x0000000002db1d60, 0x0000000002db3098]
Event: 0.698 Thread 0x000000000cf7b800   11             java.lang.Object::<init> (1 bytes)
Event: 0.698 Thread 0x000000000cf7b800 nmethod 11 0x0000000002dadf50 code [0x0000000002dae080, 0x0000000002dae118]
Event: 0.717 Thread 0x000000000cf7f000   13             java.lang.String::length (6 bytes)
Event: 0.718 Thread 0x000000000cf7f000 nmethod 13 0x0000000002daec50 code [0x0000000002daed80, 0x0000000002daee18]
Event: 2.784 Thread 0x000000000cf7b800   14             java.lang.String::equals (81 bytes)
Event: 2.792 Thread 0x000000000cf7b800 nmethod 14 0x0000000002dae650 code [0x0000000002dae7a0, 0x0000000002daea78]

GC Heap History (0 events):
No events

Deoptimization events (0 events):
No events

Internal exceptions (10 events):
Event: 2.708 Thread 0x00000000020d8000 Threw 0x00000007c4dc9408 at C:\re\jdk7u71\1605\hotspot\src\share\vm\prims\jvm.cpp:1281
Event: 2.732 Thread 0x00000000020d8000 Threw 0x00000007c4ddf540 at C:\re\jdk7u71\1605\hotspot\src\share\vm\prims\jvm.cpp:1281
Event: 2.748 Thread 0x00000000020d8000 Threw 0x00000007c4de1000 at C:\re\jdk7u71\1605\hotspot\src\share\vm\prims\jvm.cpp:1281
Event: 2.760 Thread 0x00000000020d8000 Threw 0x00000007c4de2888 at C:\re\jdk7u71\1605\hotspot\src\share\vm\prims\jvm.cpp:1281
Event: 2.776 Thread 0x00000000020d8000 Threw 0x00000007c4df3a70 at C:\re\jdk7u71\1605\hotspot\src\share\vm\prims\jvm.cpp:1281
Event: 2.794 Thread 0x00000000020d8000 Threw 0x00000007c4df6ca0 at C:\re\jdk7u71\1605\hotspot\src\share\vm\prims\jvm.cpp:1281
Event: 2.827 Thread 0x00000000020d8000 Threw 0x00000007c4dfad18 at C:\re\jdk7u71\1605\hotspot\src\share\vm\prims\jvm.cpp:1281
Event: 4.293 Thread 0x00000000020d8000 Threw 0x00000007c4e00e98 at C:\re\jdk7u71\1605\hotspot\src\share\vm\prims\jvm.cpp:1281
Event: 4.303 Thread 0x00000000020d8000 Threw 0x00000007c4e03d98 at C:\re\jdk7u71\1605\hotspot\src\share\vm\prims\jvm.cpp:1281
Event: 4.314 Thread 0x00000000020d8000 Threw 0x00000007c4e073a0 at C:\re\jdk7u71\1605\hotspot\src\share\vm\prims\jvm.cpp:1281

Events (10 events):
Event: 30.286 Executing VM operation: GetCurrentLocation
Event: 30.286 Executing VM operation: GetCurrentLocation done
Event: 30.286 Executing VM operation: ChangeSingleStep
Event: 30.286 Executing VM operation: ChangeSingleStep done
Event: 30.286 Executing VM operation: ChangeSingleStep
Event: 30.286 Executing VM operation: ChangeSingleStep done
Event: 30.324 Executing VM operation: GetOrSetLocal
Event: 30.324 Executing VM operation: GetOrSetLocal done
Event: 30.330 Executing VM operation: GetOrSetLocal
Event: 30.330 Executing VM operation: GetOrSetLocal done


Dynamic libraries:
0x000000013fbb0000 - 0x000000013fbe3000 	C:\Program Files\Java\jdk1.7.0_71\bin\javaw.exe
0x0000000076ea0000 - 0x0000000077049000 	C:\Windows\SYSTEM32\ntdll.dll
0x0000000076c80000 - 0x0000000076d9f000 	C:\Windows\system32\kernel32.dll
0x000007fefce60000 - 0x000007fefcecc000 	C:\Windows\system32\KERNELBASE.dll
0x000007fefee40000 - 0x000007fefef1b000 	C:\Windows\system32\ADVAPI32.dll
0x000007fefe250000 - 0x000007fefe2ef000 	C:\Windows\system32\msvcrt.dll
0x000007fefd0e0000 - 0x000007fefd0ff000 	C:\Windows\SYSTEM32\sechost.dll
0x000007fefe5b0000 - 0x000007fefe6dd000 	C:\Windows\system32\RPCRT4.dll
0x0000000076da0000 - 0x0000000076e9a000 	C:\Windows\system32\USER32.dll
0x000007fefe710000 - 0x000007fefe777000 	C:\Windows\system32\GDI32.dll
0x000007fefea30000 - 0x000007fefea3e000 	C:\Windows\system32\LPK.dll
0x000007fefd010000 - 0x000007fefd0d9000 	C:\Windows\system32\USP10.dll
0x000007fefb560000 - 0x000007fefb754000 	C:\Windows\WinSxS\amd64_microsoft.windows.common-controls_6595b64144ccf1df_6.0.7601.18837_none_fa3b1e3d17594757\COMCTL32.dll
0x000007fefec80000 - 0x000007fefecf1000 	C:\Windows\system32\SHLWAPI.dll
0x000007fefe6e0000 - 0x000007fefe70e000 	C:\Windows\system32\IMM32.DLL
0x000007fefe4a0000 - 0x000007fefe5a9000 	C:\Windows\system32\MSCTF.dll
0x000007fefcb80000 - 0x000007fefcbb1000 	C:\Windows\system32\nvinitx.dll
0x000007fefcb70000 - 0x000007fefcb7c000 	C:\Windows\system32\VERSION.dll
0x000000000f000000 - 0x000000000f006000 	C:\Program Files\NVIDIA Corporation\CoProcManager\detoured.dll
0x000007fef89e0000 - 0x000007fef8a12000 	C:\Program Files\NVIDIA Corporation\CoProcManager\nvd3d9wrapx.dll
0x000007fefeaa0000 - 0x000007fefec77000 	C:\Windows\system32\SETUPAPI.dll
0x000007fefcc70000 - 0x000007fefcca6000 	C:\Windows\system32\CFGMGR32.dll
0x000007fefd100000 - 0x000007fefd1d7000 	C:\Windows\system32\OLEAUT32.dll
0x000007fefef20000 - 0x000007feff123000 	C:\Windows\system32\ole32.dll
0x000007fefcfc0000 - 0x000007fefcfda000 	C:\Windows\system32\DEVOBJ.dll
0x000007fef8560000 - 0x000007fef8582000 	C:\Program Files\NVIDIA Corporation\CoProcManager\nvdxgiwrapx.dll
0x00000000744a0000 - 0x0000000074572000 	C:\Program Files\Java\jdk1.7.0_71\jre\bin\msvcr100.dll
0x0000000002230000 - 0x0000000002a03000 	C:\Program Files\Java\jdk1.7.0_71\jre\bin\server\jvm.dll
0x000007fef07d0000 - 0x000007fef07d9000 	C:\Windows\system32\WSOCK32.dll
0x000007fefe780000 - 0x000007fefe7cd000 	C:\Windows\system32\WS2_32.dll
0x000007fefe240000 - 0x000007fefe248000 	C:\Windows\system32\NSI.dll
0x000007fef8590000 - 0x000007fef85cb000 	C:\Windows\system32\WINMM.dll
0x0000000077060000 - 0x0000000077067000 	C:\Windows\system32\PSAPI.DLL
0x0000000073de0000 - 0x0000000073def000 	C:\Program Files\Java\jdk1.7.0_71\jre\bin\verify.dll
0x0000000070df0000 - 0x0000000070e18000 	C:\Program Files\Java\jdk1.7.0_71\jre\bin\java.dll
0x0000000074620000 - 0x0000000074655000 	C:\Program Files\Java\jdk1.7.0_71\jre\bin\jdwp.dll
0x0000000074610000 - 0x0000000074618000 	C:\Program Files\Java\jdk1.7.0_71\jre\bin\npt.dll
0x0000000070dd0000 - 0x0000000070de5000 	C:\Program Files\Java\jdk1.7.0_71\jre\bin\zip.dll
0x0000000074600000 - 0x0000000074609000 	C:\Program Files\Java\jdk1.7.0_71\jre\bin\dt_socket.dll
0x000007fef9820000 - 0x000007fef9835000 	C:\Windows\system32\NLAapi.dll
0x000007fef7650000 - 0x000007fef7665000 	C:\Windows\system32\napinsp.dll
0x000007fef7670000 - 0x000007fef7689000 	C:\Windows\system32\pnrpnsp.dll
0x000007fefc3a0000 - 0x000007fefc3f5000 	C:\Windows\System32\mswsock.dll
0x000007fefc220000 - 0x000007fefc27b000 	C:\Windows\system32\DNSAPI.dll
0x000007fef7590000 - 0x000007fef759b000 	C:\Windows\System32\winrnr.dll
0x000007fef7580000 - 0x000007fef7590000 	C:\Windows\system32\wshbth.dll
0x000007fef9640000 - 0x000007fef9667000 	C:\Windows\system32\IPHLPAPI.DLL
0x000007fef9630000 - 0x000007fef963b000 	C:\Windows\system32\WINNSI.DLL
0x000007fef9420000 - 0x000007fef9473000 	C:\Windows\System32\fwpuclnt.dll
0x000007fef7640000 - 0x000007fef7648000 	C:\Windows\system32\rasadhlp.dll
0x000007fefbda0000 - 0x000007fefbda7000 	C:\Windows\System32\wshtcpip.dll
0x0000000010000000 - 0x00000000100a8000 	C:\Users\Fabian\.swt\lib\win32\x86_64\swt-win32-4527.dll
0x000007fefed00000 - 0x000007fefed97000 	C:\Windows\system32\comdlg32.dll
0x000007fefd1e0000 - 0x000007fefdf69000 	C:\Windows\system32\SHELL32.dll
0x000007fef84e0000 - 0x000007fef8551000 	C:\Windows\system32\WINSPOOL.DRV
0x000007fefe7d0000 - 0x000007fefea2a000 	C:\Windows\system32\WININET.dll
0x000007fefccb0000 - 0x000007fefccb4000 	C:\Windows\system32\api-ms-win-downlevel-user32-l1-1-0.dll
0x000007fefcff0000 - 0x000007fefcff4000 	C:\Windows\system32\api-ms-win-downlevel-shlwapi-l1-1-0.dll
0x000007fefcce0000 - 0x000007fefcce4000 	C:\Windows\system32\api-ms-win-downlevel-version-l1-1-0.dll
0x000007fefcf70000 - 0x000007fefcf73000 	C:\Windows\system32\api-ms-win-downlevel-normaliz-l1-1-0.dll
0x0000000077070000 - 0x0000000077073000 	C:\Windows\system32\normaliz.DLL
0x000007fefdf70000 - 0x000007fefe237000 	C:\Windows\system32\iertutil.dll
0x000007fefd000000 - 0x000007fefd005000 	C:\Windows\system32\api-ms-win-downlevel-advapi32-l1-1-0.dll
0x000007fefccc0000 - 0x000007fefccde000 	C:\Windows\system32\USERENV.dll
0x000007fefcc60000 - 0x000007fefcc6f000 	C:\Windows\system32\profapi.dll
0x000000000fc80000 - 0x000000000fded000 	C:\Windows\system32\CRYPT32.dll
0x000007fefcc50000 - 0x000007fefcc5f000 	C:\Windows\system32\MSASN1.dll
0x000007fefb380000 - 0x000007fefb3d6000 	C:\Windows\system32\uxtheme.dll
0x000007fefa830000 - 0x000007fefa848000 	C:\Windows\system32\dwmapi.dll
0x000007fefcaa0000 - 0x000007fefcaaf000 	C:\Windows\system32\CRYPTBASE.dll
0x000007fefeda0000 - 0x000007fefee39000 	C:\Windows\system32\CLBCatQ.DLL
0x000007feefcb0000 - 0x000007feefceb000 	C:\Windows\system32\mlang.dll
0x000007feef750000 - 0x000007feef875000 	C:\Windows\system32\dbghelp.dll

VM Arguments:
jvm_args: -agentlib:jdwp=transport=dt_socket,suspend=y,address=localhost:51703 -Dfile.encoding=Cp1252 
java_command: View.MainWindow
Launcher Type: SUN_STANDARD

Environment Variables:
PATH=C:\Program Files\Java\jdk1.7.0_71\jre\bin;C:/Program Files/Java/jdk1.7.0_71/bin/../jre/bin/server;C:/Program Files/Java/jdk1.7.0_71/bin/../jre/bin;C:/Program Files/Java/jdk1.7.0_71/bin/../jre/lib/amd64;C:\Program Files (x86)\Intel\iCLS Client\;C:\Program Files\Intel\iCLS Client\;C:\Windows\system32;C:\Windows;C:\Windows\System32\Wbem;C:\Windows\System32\WindowsPowerShell\v1.0\;C:\Program Files\Intel\Intel(R) Management Engine Components\DAL;C:\Program Files\Intel\Intel(R) Management Engine Components\IPT;C:\Program Files (x86)\Intel\Intel(R) Management Engine Components\DAL;C:\Program Files (x86)\Intel\Intel(R) Management Engine Components\IPT;C:\Program Files (x86)\MiKTeX 2.9\miktex\bin\;C:\Program Files\Java\jdk1.7.0_71\bin;C:\openssl\bin;C:\Program Files (x86)\NVIDIA Corporation\PhysX\Common;C:\Program Files (x86)\Skype\Phone\;C:\Program Files\eclipse;
USERNAME=Fabian
OS=Windows_NT
PROCESSOR_IDENTIFIER=Intel64 Family 6 Model 58 Stepping 9, GenuineIntel



---------------  S Y S T E M  ---------------

OS: Windows 7 , 64 bit Build 7601 Service Pack 1

CPU:total 4 (2 cores per cpu, 2 threads per core) family 6 model 58 stepping 9, cmov, cx8, fxsr, mmx, sse, sse2, sse3, ssse3, sse4.1, sse4.2, popcnt, avx, aes, erms, ht, tsc, tscinvbit, tscinv

Memory: 4k page, physical 11693756k(8122492k free), swap 23385672k(19457724k free)

vm_info: Java HotSpot(TM) 64-Bit Server VM (24.71-b01) for windows-amd64 JRE (1.7.0_71-b14), built on Sep 26 2014 16:16:12 by "java_re" with unknown MS VC++:1600

time: Tue Sep 22 17:22:13 2015
elapsed time: 31 seconds

